2024-12-10 20:31:29,192 - INFO - Файл /Users/cawa/Downloads/WB.jpeg успешно загружен
2024-12-10 20:41:12,933 - ERROR - Ошибка при скачивании файла {'id': 1, 'filename': 'WB.jpeg', 'size': 271692.0, 'upload_date': '2024-12-10T17:31:29.189855'}: 404 Client Error: Not Found for url: http://127.0.0.1:8000/backups/download/%7B'id':%201,%20'filename':%20'WB.jpeg',%20'size':%20271692.0,%20'upload_date':%20'2024-12-10T17:31:29.189855'%7D
2024-12-10 20:41:46,739 - ERROR - Ошибка при скачивании файла {'id': 1, 'filename': 'WB.jpeg', 'size': 271692.0, 'upload_date': '2024-12-10T17:31:29.189855'}: 404 Client Error: Not Found for url: http://127.0.0.1:8000/backups/download/%7B'id':%201,%20'filename':%20'WB.jpeg',%20'size':%20271692.0,%20'upload_date':%20'2024-12-10T17:31:29.189855'%7D
2024-12-10 20:42:25,069 - ERROR - Ошибка при скачивании файла {'id': 1, 'filename': 'WB.jpeg', 'size': 271692.0, 'upload_date': '2024-12-10T17:31:29.189855'}: 404 Client Error: Not Found for url: http://127.0.0.1:8000/backups/download/%7B'id':%201,%20'filename':%20'WB.jpeg',%20'size':%20271692.0,%20'upload_date':%20'2024-12-10T17:31:29.189855'%7D
2024-12-10 20:44:24,231 - ERROR - Ошибка расшифровки файла WB.jpeg: 
2024-12-10 20:44:45,262 - ERROR - Ошибка расшифровки файла WB.jpeg: 
2024-12-10 20:45:10,012 - INFO - Файл /Users/cawa/Downloads/АРТИКУЛЫ (1).xlsx успешно загружен
2024-12-10 20:45:22,347 - ERROR - Ошибка расшифровки файла АРТИКУЛЫ (1).xlsx: 
2024-12-17 17:28:59,297 - INFO - Неудачная регистрация пользователя
2024-12-17 17:29:22,494 - INFO - Вход пользователя test выполнен успешно
2024-12-17 17:33:18,193 - INFO - Вход пользователя test выполнен успешно
2024-12-17 17:33:27,544 - INFO - Выбран файл /Users/cawa/Downloads/глава 4.docx
2024-12-17 17:34:19,276 - INFO - Файл успещно зашифрован
2024-12-17 17:34:19,289 - INFO - Файл /Users/cawa/Downloads/глава 4.docx успешно загружен
2024-12-17 17:35:01,562 - ERROR - Ошибка расшифровки файла глава 4.docx: 
2024-12-17 17:35:20,513 - ERROR - Ошибка расшифровки файла глава 4.docx: 
2024-12-17 17:36:17,490 - ERROR - Ошибка расшифровки файла WB.jpeg: 
2024-12-17 17:36:20,808 - ERROR - Ошибка расшифровки файла АРТИКУЛЫ (1).xlsx: 
2024-12-17 17:38:23,058 - INFO - Вход пользователя test выполнен успешно
2024-12-17 17:38:28,958 - ERROR - Ошибка расшифровки файла АРТИКУЛЫ (1).xlsx: 
2024-12-17 17:39:02,142 - INFO - Вход пользователя test выполнен успешно
2024-12-17 17:39:04,674 - ERROR - Ошибка расшифровки файла WB.jpeg: 
2024-12-17 17:40:00,958 - INFO - Вход пользователя test выполнен успешно
2024-12-17 17:40:06,328 - ERROR - Ошибка расшифровки файла WB.jpeg: 
2024-12-17 17:40:34,560 - INFO - Вход пользователя test выполнен успешно
2024-12-17 17:40:38,912 - ERROR - Ошибка расшифровки файла АРТИКУЛЫ (1).xlsx: 
2024-12-17 17:41:04,266 - INFO - Вход пользователя test выполнен успешно
2024-12-17 17:41:07,078 - ERROR - Ошибка при скачивании файла глава 4.docx: Expecting value: line 1 column 1 (char 0)
2024-12-17 17:42:59,859 - INFO - Вход пользователя test выполнен успешно
2024-12-17 17:43:02,670 - ERROR - Ошибка расшифровки файла WB.jpeg: 
2024-12-17 17:51:17,533 - INFO - Вход пользователя test выполнен успешно
2024-12-17 17:51:48,337 - INFO - Файл WB.jpeg успешно загружен и сохранён в /Users/cawa/Downloads/12345.jpeg
2024-12-17 17:53:05,134 - INFO - Вход пользователя test выполнен успешно
2024-12-17 17:53:20,090 - ERROR - Ошибка расшифровки файла WB.jpeg: 
2024-12-17 17:54:29,505 - ERROR - Ошибка расшифровки файла АРТИКУЛЫ (1).xlsx: 
2024-12-17 17:56:41,600 - INFO - Вход пользователя test выполнен успешно
2024-12-17 17:56:47,215 - INFO - Выбран файл /Users/cawa/Downloads/ДИПЛОМ БОГОЛЮБСКАЯ.docx
2024-12-17 17:56:49,356 - INFO - Файл /Users/cawa/Downloads/ДИПЛОМ БОГОЛЮБСКАЯ.docx успешно загружен
2024-12-22 15:53:13,531 - INFO - Вход пользователя test выполнен успешно
2024-12-22 15:53:29,431 - INFO - Выбран файл /Users/cawa/Downloads/Шпаргалка.Основы_визуализации_данных.pdf
2024-12-22 15:53:31,940 - INFO - Файл /Users/cawa/Downloads/Шпаргалка.Основы_визуализации_данных.pdf успешно загружен
2024-12-22 15:55:21,540 - INFO - Вход пользователя test выполнен успешно
2024-12-22 15:55:33,972 - INFO - Выбран файл /Users/cawa/Downloads/лекция - 1.pdf
2024-12-22 15:57:29,652 - INFO - Вход пользователя test выполнен успешно
2024-12-22 15:57:38,602 - INFO - Выбран файл /Users/cawa/Downloads/лекция - 1.pdf
2024-12-22 15:57:41,023 - INFO - Файл /Users/cawa/Downloads/лекция - 1.pdf успешно загружен
2024-12-22 16:09:12,337 - INFO - Регистрация пользователя Саша выполнена успешно
2024-12-22 16:09:19,049 - INFO - Вход пользователя Саша выполнен успешно
2024-12-22 16:09:26,119 - INFO - Выбран файл /Users/cawa/Downloads/Шпаргалка.Основы_визуализации_данных.pdf
2024-12-22 16:09:29,299 - INFO - Исходный файл считан, размер: 722052 байт
2024-12-22 16:09:29,313 - INFO - Файл зашифрован, размер зашифрованных данных: 962828 байт
2024-12-22 16:09:29,320 - ERROR - Ошибка при загрузке файла: 500 Server Error: Internal Server Error for url: http://127.0.0.1:8000/backups/upload
2024-12-22 16:15:45,663 - WARNING - Неудачная попытка входа c логином Саша
2024-12-22 16:16:08,177 - INFO - Регистрация пользователя Саша выполнена успешно
2024-12-22 16:16:12,358 - INFO - Вход пользователя Саша выполнен успешно
2024-12-22 16:16:40,176 - INFO - Выбран файл /Users/cawa/Downloads/Шпаргалка.Основы_визуализации_данных.pdf
2024-12-22 16:16:42,789 - INFO - Исходный файл считан, размер: 722052 байт
2024-12-22 16:16:42,798 - INFO - Файл зашифрован, размер зашифрованных данных: 962828 байт
2024-12-22 16:16:42,807 - ERROR - Ошибка при загрузке файла: 500 Server Error: Internal Server Error for url: http://127.0.0.1:8000/backups/upload
2024-12-22 16:20:12,792 - INFO - Вход пользователя Саша выполнен успешно
2024-12-22 16:20:20,094 - INFO - Выбран файл /Users/cawa/Downloads/Шпаргалка.Основы_визуализации_данных.pdf
2024-12-22 16:20:23,708 - INFO - Исходный файл считан, размер: 722052 байт
2024-12-22 16:20:23,723 - INFO - Файл зашифрован, размер зашифрованных данных: 962828 байт
2024-12-22 16:20:23,730 - ERROR - Ошибка при загрузке файла: 500 Server Error: Internal Server Error for url: http://127.0.0.1:8000/backups/upload
2024-12-22 16:22:58,998 - INFO - Исходный файл считан, размер: 722052 байт
2024-12-22 16:22:59,004 - INFO - Файл зашифрован, размер зашифрованных данных: 962828 байт
2024-12-22 16:22:59,014 - ERROR - Ошибка при загрузке файла: 500 Server Error: Internal Server Error for url: http://127.0.0.1:8000/backups/upload
2024-12-22 16:28:17,003 - WARNING - Неудачная попытка входа c логином test
2024-12-22 16:28:20,353 - INFO - Регистрация пользователя test выполнена успешно
2024-12-22 16:28:24,036 - INFO - Вход пользователя test выполнен успешно
2024-12-22 16:28:33,373 - INFO - Выбран файл /Users/cawa/Downloads/Шпаргалка.Основы_визуализации_данных.pdf
2024-12-22 16:28:41,617 - INFO - Исходный файл считан, размер: 722052 байт
2024-12-22 16:28:41,631 - INFO - Файл зашифрован, размер зашифрованных данных: 962828 байт
2024-12-22 16:28:41,642 - INFO - Файл /Users/cawa/Downloads/Шпаргалка.Основы_визуализации_данных.pdf успешно загружен на сервер
2024-12-22 16:29:52,955 - INFO - Файл Шпаргалка.Основы_визуализации_данных.pdf успешно загружен и сохранён в /Users/cawa/Downloads/Шпаргалка.Основы_визуализации_данных123.pdf
2024-12-22 22:14:34,590 - ERROR - Ошибка получения списка резервных копий: 500 Server Error: Internal Server Error for url: http://127.0.0.1:8000/backups/
2024-12-22 22:14:54,848 - ERROR - Ошибка регистрации: 500 Server Error: Internal Server Error for url: http://127.0.0.1:8000/register
2024-12-22 22:15:00,912 - ERROR - Ошибка входа: 500 Server Error: Internal Server Error for url: http://127.0.0.1:8000/token
2024-12-22 22:17:55,200 - ERROR - Ошибка получения списка резервных копий: 500 Server Error: Internal Server Error for url: http://127.0.0.1:8000/backups/
2024-12-22 22:18:00,311 - WARNING - Попытка загрузки без выбора файла
2024-12-25 15:02:50,823 - INFO - Вход пользователя 1234 выполнен успешно
2024-12-25 15:12:12,895 - INFO - Переход на страницу: LoginPage
2024-12-25 15:12:20,474 - INFO - Переход на страницу: RegisterPage
2024-12-25 15:12:34,570 - INFO - Регистрация пользователя test выполнена успешно
2024-12-25 15:12:34,572 - INFO - Переход на страницу: LoginPage
2024-12-25 15:12:44,917 - INFO - Пользователь test вошёл в систему
2024-12-25 15:12:44,917 - INFO - Переход на страницу: LicensePage
2024-12-25 15:12:57,923 - ERROR - Ошибка активации лицензии: 422 Client Error: Unprocessable Entity for url: http://127.0.0.1:8000/licenses/activation-key
2024-12-25 15:13:02,549 - INFO - Переход на страницу: MainPage
2024-12-25 15:13:11,804 - ERROR - Ошибка загрузки файла ФБО ОЗОН4 (1).xlsx: 403 Client Error: Forbidden for url: http://127.0.0.1:8000/backups/upload
2024-12-25 15:13:47,352 - ERROR - Ошибка загрузки файла АРТИКУЛЫ (1).xlsx: 403 Client Error: Forbidden for url: http://127.0.0.1:8000/backups/upload
2024-12-25 15:31:55,323 - INFO - Переход на страницу: LoginPage
2024-12-25 15:31:58,119 - INFO - Переход на страницу: RegisterPage
2024-12-25 15:32:13,942 - INFO - Регистрация пользователя 1245 выполнена успешно
2024-12-25 15:32:13,942 - INFO - Переход на страницу: LoginPage
2024-12-25 15:32:24,474 - INFO - Пользователь 1245 вошёл в систему
2024-12-25 15:32:24,475 - INFO - Переход на страницу: LicensePage
2024-12-25 15:32:27,421 - INFO - Переход на страницу: LicenseRequestPage
2024-12-25 15:32:29,948 - ERROR - Ошибка скачивания файла лицензии: 404 Client Error: Not Found for url: http://127.0.0.1:8000/licenses/download
2024-12-25 15:32:51,441 - INFO - Получен ключ активации: ba242b41-c0ac-4c49-8be3-74801d35449b
2024-12-25 15:32:53,155 - INFO - Переход на страницу: LicensePage
2024-12-25 15:32:57,063 - ERROR - Ошибка активации лицензии: 422 Client Error: Unprocessable Entity for url: http://127.0.0.1:8000/licenses/activation-key
2024-12-25 15:33:04,307 - ERROR - Ошибка активации лицензии: 422 Client Error: Unprocessable Entity for url: http://127.0.0.1:8000/licenses/activation-key
2024-12-25 15:44:48,682 - INFO - Переход на страницу: MainPage
2024-12-25 15:44:59,451 - INFO - Файл ФБО ОЗОН4 (1).xlsx успешно загружен
2024-12-25 15:45:35,899 - INFO - Список резервных копий успешно получен
2024-12-25 15:45:36,953 - INFO - Список резервных копий успешно получен
2024-12-25 15:45:40,597 - INFO - Список резервных копий успешно получен
2024-12-25 15:45:43,510 - INFO - Список резервных копий успешно получен
2024-12-25 15:45:44,523 - INFO - Список резервных копий успешно получен
2024-12-25 15:45:45,243 - INFO - Список резервных копий успешно получен
2024-12-25 15:45:45,522 - INFO - Список резервных копий успешно получен
2024-12-25 15:45:45,752 - INFO - Список резервных копий успешно получен
2024-12-25 15:45:45,961 - INFO - Список резервных копий успешно получен
2024-12-25 15:45:46,154 - INFO - Список резервных копий успешно получен
2024-12-25 15:45:47,137 - INFO - Список резервных копий успешно получен
2024-12-25 15:45:48,333 - INFO - Список резервных копий успешно получен
2024-12-25 15:45:49,753 - INFO - Список резервных копий успешно получен
2024-12-25 19:02:58,158 - INFO - Переход на страницу: LoginPage
2024-12-25 19:12:57,446 - INFO - Пользователь 1245 вошёл в систему
2024-12-25 19:12:57,448 - INFO - Переход на страницу: LicensePage
2024-12-25 19:16:21,704 - INFO - Переход на страницу: LoginPage
2024-12-25 19:16:25,906 - INFO - Переход на страницу: RegisterPage
2024-12-25 19:19:00,681 - INFO - Регистрация пользователя testuser выполнена успешно
2024-12-25 19:19:00,684 - INFO - Переход на страницу: LoginPage
2024-12-25 19:21:05,289 - ERROR - Ошибка входа пользователя testuser: 401 Client Error: Unauthorized for url: http://127.0.0.1:8000/token
2024-12-25 19:26:02,413 - INFO - Пользователь testuser вошёл в систему
2024-12-25 19:26:02,415 - INFO - Переход на страницу: LicensePage
2024-12-25 19:28:49,364 - INFO - Переход на страницу: LicenseRequestPage
2024-12-25 19:28:58,579 - INFO - Получен ключ активации: 0f301379-334f-4488-b33a-5cad69985d1a
2024-12-25 19:29:04,545 - INFO - Переход на страницу: LicensePage
2024-12-25 19:29:09,981 - ERROR - Ошибка активации лицензии: 422 Client Error:
 Unprocessable Entity for url: http://127.0.0.1:8000/licenses/activation-key
2024-12-25 19:35:06,908 - INFO - Переход на страницу: MainPage
2024-12-25 19:36:25,808 - ERROR - Ошибка загрузки файла
 Windows10_64bit_softnet_su.iso: ('Connection aborted.', OSError(22, 'Invalid argument'))
2024-12-25 19:42:32,361 - INFO - Файл лекция - 1.pdf успешно загружен
2024-12-25 19:44:57,925 - INFO - Список резервных копий успешно получен
2024-12-25 19:47:35,464 - INFO - Переход на страницу: LoginPage
2024-12-25 19:47:38,057 - INFO - Переход на страницу: RegisterPage
2024-12-25 19:47:47,608 - ERROR - Ошибка регистрации пользователя testuser: 400 Client Error: Bad Request for url: http://127.0.0.1:8000/register
2025-01-03 14:49:04,282 - INFO - Переход на страницу: LoginPage
2025-01-03 14:50:20,386 - INFO - Пользователь testuser вошёл в систему
2025-01-03 14:50:20,387 - INFO - Переход на страницу: LicensePage
2025-01-03 14:50:24,567 - INFO - Переход на страницу: MainPage
2025-01-03 14:50:46,964 - INFO - Файл gitignore успешно загружен
2025-01-03 14:50:48,820 - INFO - Список резервных копий успешно получен
2025-01-03 14:51:14,858 - INFO - Переход на страницу: LoginPage
2025-01-03 14:51:47,345 - INFO - Переход на страницу: RegisterPage
2025-01-03 14:52:03,550 - INFO - Регистрация пользователя user123 выполнена успешно
2025-01-03 14:52:03,550 - INFO - Переход на страницу: LoginPage
2025-01-03 14:52:07,850 - INFO - Пользователь user123 вошёл в систему
2025-01-03 14:52:07,850 - INFO - Переход на страницу: LicensePage
2025-01-03 14:52:14,028 - INFO - Переход на страницу: LicenseRequestPage
2025-01-03 14:52:16,734 - ERROR - Ошибка скачивания файла лицензии: 404 Client Error: Not Found for url: http://127.0.0.1:8000/licenses/download
2025-01-03 14:52:29,764 - INFO - Получен ключ активации: abea1cbe-8da0-4887-ba43-86924f7961e8
2025-01-03 14:52:31,645 - INFO - Переход на страницу: LicensePage
2025-01-03 14:52:34,775 - ERROR - Ошибка активации лицензии: 422 Client Error: Unprocessable Entity for url: http://127.0.0.1:8000/licenses/activation-key
2025-01-03 14:58:20,962 - INFO - Переход на страницу: LoginPage
2025-01-03 14:58:32,152 - INFO - Пользователь user123 вошёл в систему
2025-01-03 14:58:32,152 - INFO - Переход на страницу: LicensePage
2025-01-03 14:59:44,020 - ERROR - Ошибка активации лицензии: 422 Client Error: Unprocessable Entity for url: http://127.0.0.1:8000/licenses/activation-key
2025-01-03 15:01:36,818 - ERROR - Ошибка активации лицензии: 422 Client Error: Unprocessable Entity for url: http://127.0.0.1:8000/licenses/activation-key
2025-01-03 15:01:57,863 - ERROR - Ошибка активации лицензии: 422 Client Error: Unprocessable Entity for url: http://127.0.0.1:8000/licenses/activation-key
2025-01-03 15:02:04,258 - INFO - Переход на страницу: LicenseRequestPage
2025-01-03 15:02:21,676 - INFO - Получен ключ активации: a9ffb73b-cc30-4a52-9135-35a2e2f98107
2025-01-03 15:02:22,708 - INFO - Переход на страницу: LicensePage
2025-01-03 15:02:32,093 - ERROR - Ошибка активации лицензии: 422 Client Error: Unprocessable Entity for url: http://127.0.0.1:8000/licenses/activation-key
2025-01-03 15:02:59,703 - ERROR - Ошибка активации лицензии: 422 Client Error: Unprocessable Entity for url: http://127.0.0.1:8000/licenses/activation-key
2025-01-03 15:04:57,768 - INFO - Переход на страницу: LoginPage
2025-01-03 15:05:09,410 - INFO - Пользователь user123 вошёл в систему
2025-01-03 15:05:09,410 - INFO - Переход на страницу: LicensePage
2025-01-03 15:05:36,934 - ERROR - Ошибка активации лицензии: 422 Client Error: Unprocessable Entity for url: http://127.0.0.1:8000/licenses/activation-key
2025-01-03 15:11:34,674 - INFO - Переход на страницу: LoginPage
2025-01-03 15:11:48,223 - INFO - Пользователь user123 вошёл в систему
2025-01-03 15:11:48,223 - INFO - Переход на страницу: LicensePage
2025-01-03 15:12:03,241 - INFO - Лицензия с ключом a9ffb73b-cc30-4a52-9135-35a2e2f98107 активирована
2025-01-03 15:12:16,607 - INFO - Переход на страницу: MainPage
2025-01-03 16:06:47,863 - INFO - Переход на страницу: LoginPage
2025-01-03 16:07:01,552 - INFO - Пользователь user123 вошёл в систему
2025-01-03 16:07:01,553 - INFO - Переход на страницу: LicensePage
2025-01-03 16:07:03,227 - INFO - Переход на страницу: MainPage
2025-01-03 16:07:48,612 - INFO - Переход на страницу: LoginPage
2025-01-03 16:07:58,339 - INFO - Пользователь user123 вошёл в систему
2025-01-03 16:07:58,339 - INFO - Переход на страницу: LicensePage
2025-01-03 16:07:59,331 - INFO - Переход на страницу: MainPage
2025-01-03 16:09:33,016 - INFO - Переход на страницу: LoginPage
2025-01-03 16:09:44,104 - INFO - Пользователь user123 вошёл в систему
2025-01-03 16:09:44,104 - INFO - Переход на страницу: LicensePage
2025-01-03 16:09:45,781 - INFO - Переход на страницу: MainPage
2025-01-03 16:10:10,061 - INFO - Переход на страницу: LoginPage
2025-01-03 16:10:19,971 - INFO - Пользователь user123 вошёл в систему
2025-01-03 16:10:19,971 - INFO - Переход на страницу: LicensePage
2025-01-03 16:10:21,231 - INFO - Переход на страницу: MainPage
2025-01-03 16:10:29,071 - INFO - Файл README.md успешно загружен
2025-01-03 16:26:16,023 - INFO - Переход на страницу: LoginPage
2025-01-03 16:26:27,563 - INFO - Пользователь user123 вошёл в систему
2025-01-03 16:26:27,564 - INFO - Переход на страницу: LicensePage
2025-01-03 16:26:32,363 - INFO - Переход на страницу: MainPage
2025-01-03 17:01:24,353 - INFO - Переход на страницу: LoginPage
2025-01-03 17:01:35,293 - INFO - Пользователь user123 вошёл в систему
2025-01-03 17:01:35,293 - INFO - Переход на страницу: LicensePage
2025-01-03 17:01:37,304 - INFO - Переход на страницу: MainPage
2025-01-03 17:01:52,241 - INFO - Файл Syllabus.pdf успешно загружен
2025-01-03 17:04:19,628 - INFO - Переход на страницу: LoginPage
2025-01-03 17:04:35,336 - INFO - Пользователь user123 вошёл в систему
2025-01-03 17:04:35,336 - INFO - Переход на страницу: LicensePage
2025-01-03 17:04:36,932 - INFO - Переход на страницу: MainPage
2025-01-03 17:05:20,159 - INFO - Переход на страницу: LoginPage
2025-01-03 17:05:29,969 - INFO - Пользователь user123 вошёл в систему
2025-01-03 17:05:29,969 - INFO - Переход на страницу: LicensePage
2025-01-03 17:05:32,003 - INFO - Переход на страницу: MainPage
2025-01-03 17:08:44,098 - INFO - Переход на страницу: LoginPage
2025-01-03 17:08:54,449 - INFO - Пользователь user123 вошёл в систему
2025-01-03 17:08:54,449 - INFO - Переход на страницу: LicensePage
2025-01-03 17:08:56,545 - INFO - Переход на страницу: MainPage
2025-01-03 17:10:56,905 - INFO - Переход на страницу: LoginPage
2025-01-03 17:11:12,309 - INFO - Пользователь user123 вошёл в систему
2025-01-03 17:11:12,310 - INFO - Переход на страницу: LicensePage
2025-01-03 17:11:13,707 - INFO - Переход на страницу: MainPage
2025-01-03 17:11:28,493 - INFO - Файл Syllabus.pdf.enc успешно загружен
2025-01-03 17:18:53,693 - INFO - Переход на страницу: LoginPage
2025-01-03 17:19:09,137 - INFO - Пользователь user123 вошёл в систему
2025-01-03 17:19:09,137 - INFO - Переход на страницу: LicensePage
2025-01-03 17:19:10,544 - INFO - Переход на страницу: MainPage
2025-01-03 17:19:12,491 - INFO - Список резервных копий успешно получен
2025-01-03 17:19:52,749 - INFO - Файл Syllabus.pdf.enc успешно загружен и расшифрован
